Flow report for DE1_Basic_Computer
Wed May 25 11:05:59 2022
Quartus II 64-Bit Version 13.0.1 Build 232 06/12/2013 Service Pack 1 SJ Full Version


---------------------
; Table of Contents ;
---------------------
  1. Legal Notice
  2. Flow Summary
  3. Flow Settings
  4. Flow Non-Default Global Settings
  5. Flow Elapsed Time
  6. Flow OS Summary
  7. Flow Log
  8. Flow Messages
  9. Flow Suppressed Messages



----------------
; Legal Notice ;
----------------
Copyright (C) 1991-2013 Altera Corporation
Your use of Altera Corporation's design tools, logic functions 
and other software and tools, and its AMPP partner logic 
functions, and any output files from any of the foregoing 
(including device programming or simulation files), and any 
associated documentation or information are expressly subject 
to the terms and conditions of the Altera Program License 
Subscription Agreement, Altera MegaCore Function License 
Agreement, or other applicable license agreement, including, 
without limitation, that your use is for the sole purpose of 
programming logic devices manufactured by Altera and sold by 
Altera or its authorized distributors.  Please refer to the 
applicable agreement for further details.



+---------------------------------------------------------------------------------------+
; Flow Summary                                                                          ;
+------------------------------------+--------------------------------------------------+
; Flow Status                        ; Successful - Wed May 25 11:05:56 2022            ;
; Quartus II 64-Bit Version          ; 13.0.1 Build 232 06/12/2013 SP 1 SJ Full Version ;
; Revision Name                      ; DE1_Basic_Computer                               ;
; Top-level Entity Name              ; DE1_Basic_Computer                               ;
; Family                             ; Cyclone II                                       ;
; Device                             ; EP2C20F484C7                                     ;
; Timing Models                      ; Final                                            ;
; Total logic elements               ; 5,397 / 18,752 ( 29 % )                          ;
;     Total combinational functions  ; 4,780 / 18,752 ( 25 % )                          ;
;     Dedicated logic registers      ; 3,351 / 18,752 ( 18 % )                          ;
; Total registers                    ; 3514                                             ;
; Total pins                         ; 177 / 315 ( 56 % )                               ;
; Total virtual pins                 ; 0                                                ;
; Total memory bits                  ; 139,776 / 239,616 ( 58 % )                       ;
; Embedded Multiplier 9-bit elements ; 4 / 52 ( 8 % )                                   ;
; Total PLLs                         ; 1 / 4 ( 25 % )                                   ;
+------------------------------------+--------------------------------------------------+


+-----------------------------------------+
; Flow Settings                           ;
+-------------------+---------------------+
; Option            ; Setting             ;
+-------------------+---------------------+
; Start date & time ; 05/25/2022 11:04:56 ;
; Main task         ; Compilation         ;
; Revision Name     ; DE1_Basic_Computer  ;
+-------------------+---------------------+


+---------------------------------------------------------------------------------------------------------------------------------------------------------------------------------------------------+
; Flow Non-Default Global Settings                                                                                                                                                                  ;
+-------------------------------------+----------------------------------------------------------------------------------------------+---------------+---------------------------------+------------+
; Assignment Name                     ; Value                                                                                        ; Default Value ; Entity Name                     ; Section Id ;
+-------------------------------------+----------------------------------------------------------------------------------------------+---------------+---------------------------------+------------+
; COMPILER_SIGNATURE_ID               ; 181124894855428.165346949515480                                                              ; --            ; --                              ; --         ;
; ENABLE_SIGNALTAP                    ; Off                                                                                          ; --            ; --                              ; --         ;
; IP_TOOL_ENV                         ; Qsys                                                                                         ; --            ; altera_avalon_sc_fifo           ; --         ;
; IP_TOOL_ENV                         ; Qsys                                                                                         ; --            ; altera_merlin_burst_adapter     ; --         ;
; IP_TOOL_ENV                         ; Qsys                                                                                         ; --            ; altera_merlin_master_agent      ; --         ;
; IP_TOOL_ENV                         ; Qsys                                                                                         ; --            ; altera_merlin_master_translator ; --         ;
; IP_TOOL_ENV                         ; Qsys                                                                                         ; --            ; altera_merlin_slave_agent       ; --         ;
; IP_TOOL_ENV                         ; Qsys                                                                                         ; --            ; altera_merlin_slave_translator  ; --         ;
; IP_TOOL_ENV                         ; Qsys                                                                                         ; --            ; altera_merlin_traffic_limiter   ; --         ;
; IP_TOOL_ENV                         ; Qsys                                                                                         ; --            ; altera_merlin_width_adapter     ; --         ;
; IP_TOOL_ENV                         ; Qsys                                                                                         ; --            ; altera_reset_controller         ; --         ;
; IP_TOOL_ENV                         ; Qsys                                                                                         ; --            ; nios_system                     ; --         ;
; IP_TOOL_ENV                         ; Qsys                                                                                         ; --            ; nios_system_I2C_REG             ; --         ;
; IP_TOOL_ENV                         ; Qsys                                                                                         ; --            ; nios_system_Interval_timer      ; --         ;
; IP_TOOL_ENV                         ; Qsys                                                                                         ; --            ; nios_system_JTAG_UART           ; --         ;
; IP_TOOL_ENV                         ; Qsys                                                                                         ; --            ; nios_system_Onchip_memory       ; --         ;
; IP_TOOL_ENV                         ; Qsys                                                                                         ; --            ; nios_system_TIMER2              ; --         ;
; IP_TOOL_ENV                         ; Qsys                                                                                         ; --            ; nios_system_addr_router         ; --         ;
; IP_TOOL_ENV                         ; Qsys                                                                                         ; --            ; nios_system_addr_router_001     ; --         ;
; IP_TOOL_ENV                         ; Qsys                                                                                         ; --            ; nios_system_cmd_xbar_demux      ; --         ;
; IP_TOOL_ENV                         ; Qsys                                                                                         ; --            ; nios_system_cmd_xbar_demux_001  ; --         ;
; IP_TOOL_ENV                         ; Qsys                                                                                         ; --            ; nios_system_cmd_xbar_mux        ; --         ;
; IP_TOOL_ENV                         ; Qsys                                                                                         ; --            ; nios_system_cpu                 ; --         ;
; IP_TOOL_ENV                         ; Qsys                                                                                         ; --            ; nios_system_id_router           ; --         ;
; IP_TOOL_ENV                         ; Qsys                                                                                         ; --            ; nios_system_id_router_002       ; --         ;
; IP_TOOL_ENV                         ; Qsys                                                                                         ; --            ; nios_system_id_router_004       ; --         ;
; IP_TOOL_ENV                         ; Qsys                                                                                         ; --            ; nios_system_irq_mapper          ; --         ;
; IP_TOOL_ENV                         ; Qsys                                                                                         ; --            ; nios_system_rsp_xbar_demux      ; --         ;
; IP_TOOL_ENV                         ; Qsys                                                                                         ; --            ; nios_system_rsp_xbar_demux_004  ; --         ;
; IP_TOOL_ENV                         ; Qsys                                                                                         ; --            ; nios_system_rsp_xbar_mux        ; --         ;
; IP_TOOL_ENV                         ; Qsys                                                                                         ; --            ; nios_system_rsp_xbar_mux_001    ; --         ;
; IP_TOOL_ENV                         ; Qsys                                                                                         ; --            ; nios_system_sdram               ; --         ;
; IP_TOOL_NAME                        ; ALTPLL                                                                                       ; --            ; --                              ; --         ;
; IP_TOOL_NAME                        ; altera_avalon_sc_fifo                                                                        ; --            ; altera_avalon_sc_fifo           ; --         ;
; IP_TOOL_NAME                        ; altera_merlin_burst_adapter                                                                  ; --            ; altera_merlin_burst_adapter     ; --         ;
; IP_TOOL_NAME                        ; altera_merlin_master_agent                                                                   ; --            ; altera_merlin_master_agent      ; --         ;
; IP_TOOL_NAME                        ; altera_merlin_master_translator                                                              ; --            ; altera_merlin_master_translator ; --         ;
; IP_TOOL_NAME                        ; altera_merlin_slave_agent                                                                    ; --            ; altera_merlin_slave_agent       ; --         ;
; IP_TOOL_NAME                        ; altera_merlin_slave_translator                                                               ; --            ; altera_merlin_slave_translator  ; --         ;
; IP_TOOL_NAME                        ; altera_merlin_traffic_limiter                                                                ; --            ; altera_merlin_traffic_limiter   ; --         ;
; IP_TOOL_NAME                        ; altera_merlin_width_adapter                                                                  ; --            ; altera_merlin_width_adapter     ; --         ;
; IP_TOOL_NAME                        ; altera_reset_controller                                                                      ; --            ; altera_reset_controller         ; --         ;
; IP_TOOL_NAME                        ; Qsys                                                                                         ; --            ; nios_system                     ; --         ;
; IP_TOOL_NAME                        ; altera_avalon_pio                                                                            ; --            ; nios_system_I2C_REG             ; --         ;
; IP_TOOL_NAME                        ; altera_avalon_timer                                                                          ; --            ; nios_system_Interval_timer      ; --         ;
; IP_TOOL_NAME                        ; altera_avalon_jtag_uart                                                                      ; --            ; nios_system_JTAG_UART           ; --         ;
; IP_TOOL_NAME                        ; altera_avalon_onchip_memory2                                                                 ; --            ; nios_system_Onchip_memory       ; --         ;
; IP_TOOL_NAME                        ; altera_avalon_timer                                                                          ; --            ; nios_system_TIMER2              ; --         ;
; IP_TOOL_NAME                        ; altera_merlin_router                                                                         ; --            ; nios_system_addr_router         ; --         ;
; IP_TOOL_NAME                        ; altera_merlin_router                                                                         ; --            ; nios_system_addr_router_001     ; --         ;
; IP_TOOL_NAME                        ; altera_merlin_demultiplexer                                                                  ; --            ; nios_system_cmd_xbar_demux      ; --         ;
; IP_TOOL_NAME                        ; altera_merlin_demultiplexer                                                                  ; --            ; nios_system_cmd_xbar_demux_001  ; --         ;
; IP_TOOL_NAME                        ; altera_merlin_multiplexer                                                                    ; --            ; nios_system_cmd_xbar_mux        ; --         ;
; IP_TOOL_NAME                        ; altera_nios2_qsys                                                                            ; --            ; nios_system_cpu                 ; --         ;
; IP_TOOL_NAME                        ; altera_merlin_router                                                                         ; --            ; nios_system_id_router           ; --         ;
; IP_TOOL_NAME                        ; altera_merlin_router                                                                         ; --            ; nios_system_id_router_002       ; --         ;
; IP_TOOL_NAME                        ; altera_merlin_router                                                                         ; --            ; nios_system_id_router_004       ; --         ;
; IP_TOOL_NAME                        ; altera_irq_mapper                                                                            ; --            ; nios_system_irq_mapper          ; --         ;
; IP_TOOL_NAME                        ; altera_merlin_demultiplexer                                                                  ; --            ; nios_system_rsp_xbar_demux      ; --         ;
; IP_TOOL_NAME                        ; altera_merlin_demultiplexer                                                                  ; --            ; nios_system_rsp_xbar_demux_004  ; --         ;
; IP_TOOL_NAME                        ; altera_merlin_multiplexer                                                                    ; --            ; nios_system_rsp_xbar_mux        ; --         ;
; IP_TOOL_NAME                        ; altera_merlin_multiplexer                                                                    ; --            ; nios_system_rsp_xbar_mux_001    ; --         ;
; IP_TOOL_NAME                        ; altera_avalon_new_sdram_controller                                                           ; --            ; nios_system_sdram               ; --         ;
; IP_TOOL_VERSION                     ; 13.0                                                                                         ; --            ; --                              ; --         ;
; IP_TOOL_VERSION                     ; 13.0                                                                                         ; --            ; altera_avalon_sc_fifo           ; --         ;
; IP_TOOL_VERSION                     ; 13.0                                                                                         ; --            ; altera_merlin_burst_adapter     ; --         ;
; IP_TOOL_VERSION                     ; 13.0                                                                                         ; --            ; altera_merlin_master_agent      ; --         ;
; IP_TOOL_VERSION                     ; 13.0                                                                                         ; --            ; altera_merlin_master_translator ; --         ;
; IP_TOOL_VERSION                     ; 13.0                                                                                         ; --            ; altera_merlin_slave_agent       ; --         ;
; IP_TOOL_VERSION                     ; 13.0                                                                                         ; --            ; altera_merlin_slave_translator  ; --         ;
; IP_TOOL_VERSION                     ; 13.0                                                                                         ; --            ; altera_merlin_traffic_limiter   ; --         ;
; IP_TOOL_VERSION                     ; 13.0                                                                                         ; --            ; altera_merlin_width_adapter     ; --         ;
; IP_TOOL_VERSION                     ; 13.0                                                                                         ; --            ; altera_reset_controller         ; --         ;
; IP_TOOL_VERSION                     ; 13.0sp1                                                                                      ; --            ; nios_system                     ; --         ;
; IP_TOOL_VERSION                     ; 13.0.1.99.2                                                                                  ; --            ; nios_system_I2C_REG             ; --         ;
; IP_TOOL_VERSION                     ; 13.0.1.99.2                                                                                  ; --            ; nios_system_Interval_timer      ; --         ;
; IP_TOOL_VERSION                     ; 13.0.1.99.2                                                                                  ; --            ; nios_system_JTAG_UART           ; --         ;
; IP_TOOL_VERSION                     ; 13.0.1.99.2                                                                                  ; --            ; nios_system_Onchip_memory       ; --         ;
; IP_TOOL_VERSION                     ; 13.0.1.99.2                                                                                  ; --            ; nios_system_TIMER2              ; --         ;
; IP_TOOL_VERSION                     ; 13.0                                                                                         ; --            ; nios_system_addr_router         ; --         ;
; IP_TOOL_VERSION                     ; 13.0                                                                                         ; --            ; nios_system_addr_router_001     ; --         ;
; IP_TOOL_VERSION                     ; 13.0                                                                                         ; --            ; nios_system_cmd_xbar_demux      ; --         ;
; IP_TOOL_VERSION                     ; 13.0                                                                                         ; --            ; nios_system_cmd_xbar_demux_001  ; --         ;
; IP_TOOL_VERSION                     ; 13.0                                                                                         ; --            ; nios_system_cmd_xbar_mux        ; --         ;
; IP_TOOL_VERSION                     ; 13.0                                                                                         ; --            ; nios_system_cpu                 ; --         ;
; IP_TOOL_VERSION                     ; 13.0                                                                                         ; --            ; nios_system_id_router           ; --         ;
; IP_TOOL_VERSION                     ; 13.0                                                                                         ; --            ; nios_system_id_router_002       ; --         ;
; IP_TOOL_VERSION                     ; 13.0                                                                                         ; --            ; nios_system_id_router_004       ; --         ;
; IP_TOOL_VERSION                     ; 13.0                                                                                         ; --            ; nios_system_irq_mapper          ; --         ;
; IP_TOOL_VERSION                     ; 13.0                                                                                         ; --            ; nios_system_rsp_xbar_demux      ; --         ;
; IP_TOOL_VERSION                     ; 13.0                                                                                         ; --            ; nios_system_rsp_xbar_demux_004  ; --         ;
; IP_TOOL_VERSION                     ; 13.0                                                                                         ; --            ; nios_system_rsp_xbar_mux        ; --         ;
; IP_TOOL_VERSION                     ; 13.0                                                                                         ; --            ; nios_system_rsp_xbar_mux_001    ; --         ;
; IP_TOOL_VERSION                     ; 13.0.1.99.2                                                                                  ; --            ; nios_system_sdram               ; --         ;
; MAX_CORE_JUNCTION_TEMP              ; 85                                                                                           ; --            ; --                              ; --         ;
; MIN_CORE_JUNCTION_TEMP              ; 0                                                                                            ; --            ; --                              ; --         ;
; MISC_FILE                           ; nios_system/synthesis/../../nios_system.cmp                                                  ; --            ; --                              ; --         ;
; MISC_FILE                           ; nios_system/synthesis/../../nios_system.qsys                                                 ; --            ; --                              ; --         ;
; MISC_FILE                           ; sdram_pll.bsf                                                                                ; --            ; --                              ; --         ;
; MISC_FILE                           ; sdram_pll_inst.vhd                                                                           ; --            ; --                              ; --         ;
; MISC_FILE                           ; sdram_pll.cmp                                                                                ; --            ; --                              ; --         ;
; MISC_FILE                           ; sdram_pll.ppf                                                                                ; --            ; --                              ; --         ;
; MISC_FILE                           ; sdram_pll_syn.v                                                                              ; --            ; --                              ; --         ;
; PARTITION_COLOR                     ; 2147039                                                                                      ; --            ; --                              ; Top        ;
; PARTITION_FITTER_PRESERVATION_LEVEL ; PLACEMENT_AND_ROUTING                                                                        ; --            ; --                              ; Top        ;
; PARTITION_NETLIST_TYPE              ; SOURCE                                                                                       ; --            ; --                              ; Top        ;
; POWER_BOARD_THERMAL_MODEL           ; None (CONSERVATIVE)                                                                          ; --            ; --                              ; --         ;
; POWER_PRESET_COOLING_SOLUTION       ; 23 MM HEAT SINK WITH 200 LFPM AIRFLOW                                                        ; --            ; --                              ; --         ;
; SLD_FILE                            ; F:/Drive_H/altera/design/TP_II_2015_prepa/Samir1/Fonctionne/modeleTP2/stp1_auto_stripped.stp ; --            ; --                              ; --         ;
; SLD_INFO                            ; QSYS_NAME nios_system HAS_SOPCINFO 1 GENERATION_ID 1653469449                                ; --            ; nios_system                     ; --         ;
; SOPCINFO_FILE                       ; nios_system/synthesis/../../nios_system.sopcinfo                                             ; --            ; --                              ; --         ;
; SYNTHESIS_ONLY_QIP                  ; On                                                                                           ; --            ; --                              ; --         ;
; SYNTH_TIMING_DRIVEN_SYNTHESIS       ; On                                                                                           ; Off           ; --                              ; --         ;
; TIMEQUEST_DO_REPORT_TIMING          ; On                                                                                           ; Off           ; --                              ; --         ;
; USE_SIGNALTAP_FILE                  ; stp1.stp                                                                                     ; --            ; --                              ; --         ;
+-------------------------------------+----------------------------------------------------------------------------------------------+---------------+---------------------------------+------------+


+-------------------------------------------------------------------------------------------------------------------------------+
; Flow Elapsed Time                                                                                                             ;
+---------------------------+--------------+-------------------------+---------------------+------------------------------------+
; Module Name               ; Elapsed Time ; Average Processors Used ; Peak Virtual Memory ; Total CPU Time (on all processors) ;
+---------------------------+--------------+-------------------------+---------------------+------------------------------------+
; Analysis & Synthesis      ; 00:00:25     ; 1.0                     ; 4852 MB             ; 00:00:24                           ;
; Fitter                    ; 00:00:31     ; 1.6                     ; 5311 MB             ; 00:00:45                           ;
; Assembler                 ; 00:00:01     ; 1.0                     ; 4586 MB             ; 00:00:01                           ;
; TimeQuest Timing Analyzer ; 00:00:02     ; 1.0                     ; 4674 MB             ; 00:00:02                           ;
; Total                     ; 00:00:59     ; --                      ; --                  ; 00:01:12                           ;
+---------------------------+--------------+-------------------------+---------------------+------------------------------------+


+----------------------------------------------------------------------------------------+
; Flow OS Summary                                                                        ;
+---------------------------+------------------+-----------+------------+----------------+
; Module Name               ; Machine Hostname ; OS Name   ; OS Version ; Processor type ;
+---------------------------+------------------+-----------+------------+----------------+
; Analysis & Synthesis      ; DELL-AE          ; Windows 7 ; 6.2        ; x86_64         ;
; Fitter                    ; DELL-AE          ; Windows 7 ; 6.2        ; x86_64         ;
; Assembler                 ; DELL-AE          ; Windows 7 ; 6.2        ; x86_64         ;
; TimeQuest Timing Analyzer ; DELL-AE          ; Windows 7 ; 6.2        ; x86_64         ;
+---------------------------+------------------+-----------+------------+----------------+


------------
; Flow Log ;
------------
quartus_map --read_settings_files=on --write_settings_files=off DE1_Basic_Computer -c DE1_Basic_Computer
quartus_fit --read_settings_files=off --write_settings_files=off DE1_Basic_Computer -c DE1_Basic_Computer
quartus_asm --read_settings_files=off --write_settings_files=off DE1_Basic_Computer -c DE1_Basic_Computer
quartus_sta DE1_Basic_Computer -c DE1_Basic_Computer



